<?xml version="1.0" encoding="UTF-8"?>
<!-- Generated by org.testng.reporters.JUnitXMLReporter -->
<testsuite hostname="Raghu-PC" name="Command line test" tests="38" failures="2" timestamp="20 Dec 2017 12:42:01 GMT" time="2010.54" errors="0">
  <testcase name="testlevel" time="27.716" classname="com.jocata.star.dashboard.DashboardAgeingDrillDown"/>
  <testcase name="test" time="27.384" classname="com.jocata.star.dashboard.DashboardWorkFlowDrillDown"/>
  <testcase name="test" time="16.597" classname="com.jocata.star.dashboard.DashboardLevelSelection"/>
  <testcase name="test" time="9.039" classname="com.jocata.star.dashboard.DashboardUserSelection"/>
  <testcase name="clickcaseid" time="83.756" classname="com.jocata.star.TaskboardSort.SortOnAmount"/>
  <testcase name="clickcaseid" time="66.719" classname="com.jocata.star.TaskboardSort.SortOnBranch"/>
  <testcase name="clickcaseid" time="62.605" classname="com.jocata.star.TaskboardSort.SortOnCaseId"/>
  <testcase name="clickonSortonLastupdate" time="82.805" classname="com.jocata.star.TaskboardSort.SortOnLastActivivtyDate"/>
  <testcase name="clickonSortonLastupdate" time="79.63" classname="com.jocata.star.TaskboardSort.SortOnLastUpdateddate"/>
  <testcase name="clickpastcases" time="18.934" classname="com.jocata.star.Taskboard.TaskboardPastCases"/>
  <testcase name="clickcaseid" time="71.023" classname="com.jocata.star.Taskboard.AccountTrunover"/>
  <testcase name="clickcaseid" time="101.759" classname="com.jocata.star.Taskboard.SearchForTrancations"/>
  <testcase name="testprofiles" time="16.784" classname="com.jocata.star.falsepositive.FalsePositiveAddby"/>
  <testcase name="testprofiles" time="15.007" classname="com.jocata.star.falsepositive.FalsepositiveCustomerId"/>
  <testcase name="testprofiles" time="16.789" classname="com.jocata.star.falsepositive.FalsePositiveRuleId"/>
  <testcase name="testprofiles" time="24.98" classname="com.jocata.star.falsepositive.FalsePositiveUpdate"/>
  <testcase name="clickmanualEventAccountNum" time="57.846" classname="com.jocata.star.AddManualEvent.AddManualEventAccountNum"/>
  <testcase name="clickmanualevent" time="45.236" classname="com.jocata.star.AddManualEvent.AddManualEventCustomerid"/>
  <testcase name="addReport" time="74.706" classname="com.jocata.star.MisReports.AccountRiskReport"/>
  <testcase name="addReport" time="66.925" classname="com.jocata.star.MisReports.ReportonCurrentCases"/>
  <testcase name="addReport" time="66.95" classname="com.jocata.star.MisReports.ReportonPastCases"/>
  <testcase name="clickrulebuliderupdate" time="89.468" classname="com.jocata.star.RuleBulider.RuleBuliderUpdate"/>
  <testcase name="deletebenchmark" time="19.836" classname="com.jocata.star.RuleLibry.RuleLibrarySearchwithRuleName"/>
  <testcase name="deletebenchmark" time="10.915" classname="com.jocata.star.RuleLibry.RuleLibrarySearchwithRuleId"/>
  <testcase name="deletebenchmark" time="23.48" classname="com.jocata.star.RuleLibry.RuleLibraryUpdate"/>
  <testcase name="deletebenchmark" time="119.787" classname="com.jocata.star.RuleLibry.RuleLibraryAddandDelete"/>
  <testcase name="clickRulesimualtes" time="77.357" classname="com.jocata.star.RuleSimulation.RuleSimulate3"/>
  <testcase name="clickViewErrors" time="71.62" classname="com.jocata.star.Centra.CentraViewErrors"/>
  <testcase name="clickcentra" time="39.15" classname="com.jocata.star.Centra.CentraUpdateSTRDetails"/>
  <testcase name="clickregeranteStr" time="23.751" classname="com.jocata.star.Centra.CentraRegenerateSTR"/>
  <testcase name="clickregeranteStr" time="51.494" classname="com.jocata.star.Centra.CentraReSubmit"/>
  <testcase name="clickonAuditlogmodulename" time="55.268" classname="com.jocata.star.Administration.AuditLogModuleName"/>
  <testcase name="clicknotification" time="25.314" classname="com.jocata.star.Administration.SysytemConfigurationFalsePositiveLimits"/>
  <testcase name="clicknotification" time="72.169" classname="com.jocata.star.Administration.NotificationConfigurationUpdate2"/>
  <testcase name="logintranscationdetails" time="53.586" classname="com.jocata.TranscationSetails.TrancastionDetails"/>
  <testcase name="clickmarkApp" time="65.877" classname="com.jocata.MarkerChecker.MakerCheckerApprove">
    <failure type="org.openqa.selenium.NoSuchElementException" message="Unable to locate element: {&amp;quot;method&amp;quot;:&amp;quot;xpath&amp;quot;,&amp;quot;selector&amp;quot;:&amp;quot;//span[text()=&amp;apos;Administration&amp;apos;]&amp;quot;}
Command duration or timeout: 30.04 seconds
For documentation on this error, please visit: http://seleniumhq.org/exceptions/no_such_element.html
Build info: version: &amp;apos;2.53.1&amp;apos;, revision: &amp;apos;a36b8b1&amp;apos;, time: &amp;apos;2016-06-30 17:32:46&amp;apos;
System info: host: &amp;apos;Raghu-PC&amp;apos;, ip: &amp;apos;192.168.1.89&amp;apos;, os.name: &amp;apos;Windows 7&amp;apos;, os.arch: &amp;apos;amd64&amp;apos;, os.version: &amp;apos;6.1&amp;apos;, java.version: &amp;apos;1.8.0_101&amp;apos;
Driver info: org.openqa.selenium.firefox.FirefoxDriver
Capabilities [{applicationCacheEnabled=true, rotatable=false, handlesAlerts=true, databaseEnabled=true, version=46.0, platform=WINDOWS, nativeEvents=false, acceptSslCerts=true, webStorageEnabled=true, locationContextEnabled=true, browserName=firefox, takesScreenshot=true, javascriptEnabled=true, cssSelectorsEnabled=true}]
Session ID: 52094ced-463d-4942-8d54-525f9ad9ce36
*** Element info: {Using=xpath, value=//span[text()=&amp;apos;Administration&amp;apos;]}">
      <![CDATA[org.openqa.selenium.NoSuchElementException: Unable to locate element: {"method":"xpath","selector":"//span[text()='Administration']"}
Command duration or timeout: 30.04 seconds
For documentation on this error, please visit: http://seleniumhq.org/exceptions/no_such_element.html
Build info: version: '2.53.1', revision: 'a36b8b1', time: '2016-06-30 17:32:46'
System info: host: 'Raghu-PC', ip: '192.168.1.89', os.name: 'Windows 7', os.arch: 'amd64', os.version: '6.1', java.version: '1.8.0_101'
Driver info: org.openqa.selenium.firefox.FirefoxDriver
Capabilities [{applicationCacheEnabled=true, rotatable=false, handlesAlerts=true, databaseEnabled=true, version=46.0, platform=WINDOWS, nativeEvents=false, acceptSslCerts=true, webStorageEnabled=true, locationContextEnabled=true, browserName=firefox, takesScreenshot=true, javascriptEnabled=true, cssSelectorsEnabled=true}]
Session ID: 52094ced-463d-4942-8d54-525f9ad9ce36
*** Element info: {Using=xpath, value=//span[text()='Administration']}
	at org.openqa.selenium.remote.ErrorHandler.createThrowable(ErrorHandler.java:206)
	at org.openqa.selenium.remote.ErrorHandler.throwIfResponseFailed(ErrorHandler.java:158)
	at org.openqa.selenium.remote.RemoteWebDriver.execute(RemoteWebDriver.java:678)
	at org.openqa.selenium.remote.RemoteWebDriver.findElement(RemoteWebDriver.java:363)
	at org.openqa.selenium.remote.RemoteWebDriver.findElementByXPath(RemoteWebDriver.java:500)
	at org.openqa.selenium.By$ByXPath.findElement(By.java:361)
	at org.openqa.selenium.remote.RemoteWebDriver.findElement(RemoteWebDriver.java:355)
	at com.jocata.MarkerChecker.MakerCheckerApprove.clickingAnalayast(MakerCheckerApprove.java:275)
	at com.jocata.MarkerChecker.MakerCheckerApprove.clickmarkApp(MakerCheckerApprove.java:66)
	at com.jocata.star.RunStar.AllStarNewSevenone.main(AllStarNewSevenone.java:142)
Caused by: org.openqa.selenium.NoSuchElementException: Unable to locate element: {"method":"xpath","selector":"//span[text()='Administration']"}
For documentation on this error, please visit: http://seleniumhq.org/exceptions/no_such_element.html
Build info: version: '2.53.1', revision: 'a36b8b1', time: '2016-06-30 17:32:46'
System info: host: 'Raghu-PC', ip: '192.168.1.89', os.name: 'Windows 7', os.arch: 'amd64', os.version: '6.1', java.version: '1.8.0_101'
Driver info: driver.version: unknown
	at <anonymous class>.FirefoxDriver.prototype.findElementInternal_(file:///C:/Users/Raghu/AppData/Local/Temp/anonymous1535220035085139018webdriver-profile/extensions/fxdriver@googlecode.com/components/driver-component.js:10770)
	at <anonymous class>.fxdriver.Timer.prototype.setTimeout/<.notify(file:///C:/Users/Raghu/AppData/Local/Temp/anonymous1535220035085139018webdriver-profile/extensions/fxdriver@googlecode.com/components/driver-component.js:625)
... Removed 25 stack frames]]>
    </failure>
  </testcase> <!-- clickmarkApp -->
  <testcase name="clickmarkApp" time="30.107" classname="com.jocata.MarkerChecker.MakerCheckerRejected">
    <failure type="org.openqa.selenium.NoSuchElementException" message="Unable to locate element: {&amp;quot;method&amp;quot;:&amp;quot;xpath&amp;quot;,&amp;quot;selector&amp;quot;:&amp;quot;//div[@id=&amp;apos;flip&amp;apos;]/img&amp;quot;}
Command duration or timeout: 30.11 seconds
For documentation on this error, please visit: http://seleniumhq.org/exceptions/no_such_element.html
Build info: version: &amp;apos;2.53.1&amp;apos;, revision: &amp;apos;a36b8b1&amp;apos;, time: &amp;apos;2016-06-30 17:32:46&amp;apos;
System info: host: &amp;apos;Raghu-PC&amp;apos;, ip: &amp;apos;192.168.1.89&amp;apos;, os.name: &amp;apos;Windows 7&amp;apos;, os.arch: &amp;apos;amd64&amp;apos;, os.version: &amp;apos;6.1&amp;apos;, java.version: &amp;apos;1.8.0_101&amp;apos;
Driver info: org.openqa.selenium.firefox.FirefoxDriver
Capabilities [{applicationCacheEnabled=true, rotatable=false, handlesAlerts=true, databaseEnabled=true, version=46.0, platform=WINDOWS, nativeEvents=false, acceptSslCerts=true, webStorageEnabled=true, locationContextEnabled=true, browserName=firefox, takesScreenshot=true, javascriptEnabled=true, cssSelectorsEnabled=true}]
Session ID: 52094ced-463d-4942-8d54-525f9ad9ce36
*** Element info: {Using=xpath, value=//div[@id=&amp;apos;flip&amp;apos;]/img}">
      <![CDATA[org.openqa.selenium.NoSuchElementException: Unable to locate element: {"method":"xpath","selector":"//div[@id='flip']/img"}
Command duration or timeout: 30.11 seconds
For documentation on this error, please visit: http://seleniumhq.org/exceptions/no_such_element.html
Build info: version: '2.53.1', revision: 'a36b8b1', time: '2016-06-30 17:32:46'
System info: host: 'Raghu-PC', ip: '192.168.1.89', os.name: 'Windows 7', os.arch: 'amd64', os.version: '6.1', java.version: '1.8.0_101'
Driver info: org.openqa.selenium.firefox.FirefoxDriver
Capabilities [{applicationCacheEnabled=true, rotatable=false, handlesAlerts=true, databaseEnabled=true, version=46.0, platform=WINDOWS, nativeEvents=false, acceptSslCerts=true, webStorageEnabled=true, locationContextEnabled=true, browserName=firefox, takesScreenshot=true, javascriptEnabled=true, cssSelectorsEnabled=true}]
Session ID: 52094ced-463d-4942-8d54-525f9ad9ce36
*** Element info: {Using=xpath, value=//div[@id='flip']/img}
	at org.openqa.selenium.remote.ErrorHandler.createThrowable(ErrorHandler.java:206)
	at org.openqa.selenium.remote.ErrorHandler.throwIfResponseFailed(ErrorHandler.java:158)
	at org.openqa.selenium.remote.RemoteWebDriver.execute(RemoteWebDriver.java:678)
	at org.openqa.selenium.remote.RemoteWebDriver.findElement(RemoteWebDriver.java:363)
	at org.openqa.selenium.remote.RemoteWebDriver.findElementByXPath(RemoteWebDriver.java:500)
	at org.openqa.selenium.By$ByXPath.findElement(By.java:361)
	at org.openqa.selenium.remote.RemoteWebDriver.findElement(RemoteWebDriver.java:355)
	at com.jocata.MarkerChecker.MakerCheckerRejected.clickMakerchecker(MakerCheckerRejected.java:76)
	at com.jocata.MarkerChecker.MakerCheckerRejected.clickmarkApp(MakerCheckerRejected.java:64)
	at com.jocata.star.RunStar.AllStarNewSevenone.main(AllStarNewSevenone.java:142)
Caused by: org.openqa.selenium.NoSuchElementException: Unable to locate element: {"method":"xpath","selector":"//div[@id='flip']/img"}
For documentation on this error, please visit: http://seleniumhq.org/exceptions/no_such_element.html
Build info: version: '2.53.1', revision: 'a36b8b1', time: '2016-06-30 17:32:46'
System info: host: 'Raghu-PC', ip: '192.168.1.89', os.name: 'Windows 7', os.arch: 'amd64', os.version: '6.1', java.version: '1.8.0_101'
Driver info: driver.version: unknown
	at <anonymous class>.FirefoxDriver.prototype.findElementInternal_(file:///C:/Users/Raghu/AppData/Local/Temp/anonymous1535220035085139018webdriver-profile/extensions/fxdriver@googlecode.com/components/driver-component.js:10770)
	at <anonymous class>.fxdriver.Timer.prototype.setTimeout/<.notify(file:///C:/Users/Raghu/AppData/Local/Temp/anonymous1535220035085139018webdriver-profile/extensions/fxdriver@googlecode.com/components/driver-component.js:625)
... Removed 25 stack frames]]>
    </failure>
  </testcase> <!-- clickmarkApp -->
  <testcase name="clickriskconfigrationedit" time="145.72" classname="com.jocata.star.Administration.UserPermissionsReport"/>
</testsuite> <!-- Command line test -->
