<?xml version="1.0" encoding="UTF-8"?>
<testng-results skipped="0" failed="2" total="38" passed="36">
  <reporter-output>
    <line>
      <![CDATA[waiting for page to load...]]>
    </line>
    <line>
      <![CDATA[Page is loaded]]>
    </line>
    <line>
      <![CDATA[waiting for page to load...]]>
    </line>
    <line>
      <![CDATA[Page is loaded]]>
    </line>
  </reporter-output>
  <suite name="Command line suite" duration-ms="2010540" started-at="2017-12-20T12:08:30Z" finished-at="2017-12-20T12:42:01Z">
    <groups>
    </groups>
    <test name="Command line test" duration-ms="2010540" started-at="2017-12-20T12:08:30Z" finished-at="2017-12-20T12:42:01Z">
      <class name="com.jocata.star.RuleLibry.RuleLibraryUpdate">
        <test-method status="PASS" signature="deletebenchmark()[pri:28, instance:com.jocata.star.RuleLibry.RuleLibraryUpdate@449b2d27]" name="deletebenchmark" duration-ms="23480" started-at="2017-12-20T17:57:45Z" finished-at="2017-12-20T17:58:09Z">
          <reporter-output>
          </reporter-output>
        </test-method> <!-- deletebenchmark -->
        <test-method status="PASS" signature="setUp()[pri:0, instance:com.jocata.star.RuleLibry.RuleLibraryUpdate@449b2d27]" name="setUp" is-config="true" duration-ms="0" started-at="2017-12-20T17:57:45Z" finished-at="2017-12-20T17:57:45Z">
          <reporter-output>
          </reporter-output>
        </test-method> <!-- setUp -->
        <test-method status="PASS" signature="getResult(org.testng.ITestResult, org.testng.ITestContext)[pri:0, instance:com.jocata.star.RuleLibry.RuleLibraryUpdate@449b2d27]" name="getResult" is-config="true" duration-ms="31" started-at="2017-12-20T17:58:09Z" finished-at="2017-12-20T17:58:09Z">
          <params>
            <param index="0">
              <value>
                <![CDATA[[TestResult name=deletebenchmark status=SUCCESS method=RuleLibraryUpdate.deletebenchmark()[pri:28, instance:com.jocata.star.RuleLibry.RuleLibraryUpdate@449b2d27] output={null}]]]>
              </value>
            </param>
            <param index="1">
              <value>
                <![CDATA[org.testng.TestRunner@56193c7d]]>
              </value>
            </param>
          </params>
          <reporter-output>
          </reporter-output>
        </test-method> <!-- getResult -->
      </class> <!-- com.jocata.star.RuleLibry.RuleLibraryUpdate -->
      <class name="com.jocata.star.dashboard.DashboardLevelSelection">
        <test-method status="PASS" signature="setUp()[pri:0, instance:com.jocata.star.dashboard.DashboardLevelSelection@64cee07]" name="setUp" is-config="true" duration-ms="0" started-at="2017-12-20T17:39:26Z" finished-at="2017-12-20T17:39:26Z">
          <reporter-output>
          </reporter-output>
        </test-method> <!-- setUp -->
        <test-method status="PASS" signature="test()[pri:3, instance:com.jocata.star.dashboard.DashboardLevelSelection@64cee07]" name="test" duration-ms="16597" started-at="2017-12-20T17:39:26Z" finished-at="2017-12-20T17:39:43Z">
          <reporter-output>
          </reporter-output>
        </test-method> <!-- test -->
        <test-method status="PASS" signature="getResult(org.testng.ITestResult, org.testng.ITestContext)[pri:0, instance:com.jocata.star.dashboard.DashboardLevelSelection@64cee07]" name="getResult" is-config="true" duration-ms="50" started-at="2017-12-20T17:39:43Z" finished-at="2017-12-20T17:39:43Z">
          <params>
            <param index="0">
              <value>
                <![CDATA[[TestResult name=test status=SUCCESS method=DashboardLevelSelection.test()[pri:3, instance:com.jocata.star.dashboard.DashboardLevelSelection@64cee07] output={null}]]]>
              </value>
            </param>
            <param index="1">
              <value>
                <![CDATA[org.testng.TestRunner@56193c7d]]>
              </value>
            </param>
          </params>
          <reporter-output>
          </reporter-output>
        </test-method> <!-- getResult -->
      </class> <!-- com.jocata.star.dashboard.DashboardLevelSelection -->
      <class name="com.jocata.star.dashboard.DashboardUserSelection">
        <test-method status="PASS" signature="setUp()[pri:0, instance:com.jocata.star.dashboard.DashboardUserSelection@1761e840]" name="setUp" is-config="true" duration-ms="0" started-at="2017-12-20T17:39:43Z" finished-at="2017-12-20T17:39:43Z">
          <reporter-output>
          </reporter-output>
        </test-method> <!-- setUp -->
        <test-method status="PASS" signature="test()[pri:4, instance:com.jocata.star.dashboard.DashboardUserSelection@1761e840]" name="test" duration-ms="9039" started-at="2017-12-20T17:39:43Z" finished-at="2017-12-20T17:39:52Z">
          <reporter-output>
          </reporter-output>
        </test-method> <!-- test -->
        <test-method status="PASS" signature="getResult(org.testng.ITestResult, org.testng.ITestContext)[pri:0, instance:com.jocata.star.dashboard.DashboardUserSelection@1761e840]" name="getResult" is-config="true" duration-ms="35" started-at="2017-12-20T17:39:52Z" finished-at="2017-12-20T17:39:52Z">
          <params>
            <param index="0">
              <value>
                <![CDATA[[TestResult name=test status=SUCCESS method=DashboardUserSelection.test()[pri:4, instance:com.jocata.star.dashboard.DashboardUserSelection@1761e840] output={null}]]]>
              </value>
            </param>
            <param index="1">
              <value>
                <![CDATA[org.testng.TestRunner@56193c7d]]>
              </value>
            </param>
          </params>
          <reporter-output>
          </reporter-output>
        </test-method> <!-- getResult -->
      </class> <!-- com.jocata.star.dashboard.DashboardUserSelection -->
      <class name="com.jocata.star.TaskboardSort.SortOnAmount">
        <test-method status="PASS" signature="clickcaseid()[pri:5, instance:com.jocata.star.TaskboardSort.SortOnAmount@6c629d6e]" name="clickcaseid" duration-ms="83756" started-at="2017-12-20T17:39:52Z" finished-at="2017-12-20T17:41:15Z">
          <reporter-output>
          </reporter-output>
        </test-method> <!-- clickcaseid -->
        <test-method status="PASS" signature="setUp()[pri:0, instance:com.jocata.star.TaskboardSort.SortOnAmount@6c629d6e]" name="setUp" is-config="true" duration-ms="0" started-at="2017-12-20T17:39:52Z" finished-at="2017-12-20T17:39:52Z">
          <reporter-output>
          </reporter-output>
        </test-method> <!-- setUp -->
        <test-method status="PASS" signature="getResult(org.testng.ITestResult, org.testng.ITestContext)[pri:0, instance:com.jocata.star.TaskboardSort.SortOnAmount@6c629d6e]" name="getResult" is-config="true" duration-ms="29" started-at="2017-12-20T17:41:15Z" finished-at="2017-12-20T17:41:15Z">
          <params>
            <param index="0">
              <value>
                <![CDATA[[TestResult name=clickcaseid status=SUCCESS method=SortOnAmount.clickcaseid()[pri:5, instance:com.jocata.star.TaskboardSort.SortOnAmount@6c629d6e] output={null}]]]>
              </value>
            </param>
            <param index="1">
              <value>
                <![CDATA[org.testng.TestRunner@56193c7d]]>
              </value>
            </param>
          </params>
          <reporter-output>
          </reporter-output>
        </test-method> <!-- getResult -->
      </class> <!-- com.jocata.star.TaskboardSort.SortOnAmount -->
      <class name="com.jocata.star.MisReports.ReportonCurrentCases">
        <test-method status="PASS" signature="addReport()[pri:22, instance:com.jocata.star.MisReports.ReportonCurrentCases@61baa894]" name="addReport" duration-ms="66925" started-at="2017-12-20T17:53:31Z" finished-at="2017-12-20T17:54:38Z">
          <reporter-output>
          </reporter-output>
        </test-method> <!-- addReport -->
        <test-method status="PASS" signature="setUp()[pri:0, instance:com.jocata.star.MisReports.ReportonCurrentCases@61baa894]" name="setUp" is-config="true" duration-ms="0" started-at="2017-12-20T17:53:31Z" finished-at="2017-12-20T17:53:31Z">
          <reporter-output>
          </reporter-output>
        </test-method> <!-- setUp -->
        <test-method status="PASS" signature="getResult(org.testng.ITestResult, org.testng.ITestContext)[pri:0, instance:com.jocata.star.MisReports.ReportonCurrentCases@61baa894]" name="getResult" is-config="true" duration-ms="61" started-at="2017-12-20T17:54:38Z" finished-at="2017-12-20T17:54:38Z">
          <params>
            <param index="0">
              <value>
                <![CDATA[[TestResult name=addReport status=SUCCESS method=ReportonCurrentCases.addReport()[pri:22, instance:com.jocata.star.MisReports.ReportonCurrentCases@61baa894] output={null}]]]>
              </value>
            </param>
            <param index="1">
              <value>
                <![CDATA[org.testng.TestRunner@56193c7d]]>
              </value>
            </param>
          </params>
          <reporter-output>
          </reporter-output>
        </test-method> <!-- getResult -->
      </class> <!-- com.jocata.star.MisReports.ReportonCurrentCases -->
      <class name="com.jocata.star.dashboard.DashboardAgeingDrillDown">
        <test-method status="PASS" signature="fristlogin()[pri:0, instance:com.jocata.star.dashboard.DashboardAgeingDrillDown@6842775d]" name="fristlogin" is-config="true" duration-ms="24207" started-at="2017-12-20T17:38:06Z" finished-at="2017-12-20T17:38:30Z">
          <reporter-output>
            <line>
              <![CDATA[waiting for page to load...]]>
            </line>
            <line>
              <![CDATA[Page is loaded]]>
            </line>
            <line>
              <![CDATA[waiting for page to load...]]>
            </line>
            <line>
              <![CDATA[Page is loaded]]>
            </line>
          </reporter-output>
        </test-method> <!-- fristlogin -->
        <test-method status="PASS" signature="setUp()[pri:0, instance:com.jocata.star.dashboard.DashboardAgeingDrillDown@6842775d]" name="setUp" is-config="true" duration-ms="0" started-at="2017-12-20T17:38:30Z" finished-at="2017-12-20T17:38:30Z">
          <reporter-output>
          </reporter-output>
        </test-method> <!-- setUp -->
        <test-method status="PASS" signature="testlevel()[pri:1, instance:com.jocata.star.dashboard.DashboardAgeingDrillDown@6842775d]" name="testlevel" duration-ms="27716" started-at="2017-12-20T17:38:30Z" finished-at="2017-12-20T17:38:58Z">
          <reporter-output>
          </reporter-output>
        </test-method> <!-- testlevel -->
        <test-method status="PASS" signature="getResult(org.testng.ITestResult, org.testng.ITestContext)[pri:0, instance:com.jocata.star.dashboard.DashboardAgeingDrillDown@6842775d]" name="getResult" is-config="true" duration-ms="401" started-at="2017-12-20T17:38:58Z" finished-at="2017-12-20T17:38:58Z">
          <params>
            <param index="0">
              <value>
                <![CDATA[[TestResult name=testlevel status=SUCCESS method=DashboardAgeingDrillDown.testlevel()[pri:1, instance:com.jocata.star.dashboard.DashboardAgeingDrillDown@6842775d] output={null}]]]>
              </value>
            </param>
            <param index="1">
              <value>
                <![CDATA[org.testng.TestRunner@56193c7d]]>
              </value>
            </param>
          </params>
          <reporter-output>
          </reporter-output>
        </test-method> <!-- getResult -->
        <test-method status="PASS" signature="endReport()[pri:0, instance:com.jocata.star.dashboard.DashboardAgeingDrillDown@6842775d]" name="endReport" is-config="true" duration-ms="0" started-at="2017-12-20T18:12:01Z" finished-at="2017-12-20T18:12:01Z">
          <reporter-output>
          </reporter-output>
        </test-method> <!-- endReport -->
      </class> <!-- com.jocata.star.dashboard.DashboardAgeingDrillDown -->
      <class name="com.jocata.star.RuleLibry.RuleLibraryAddandDelete">
        <test-method status="PASS" signature="setUp()[pri:0, instance:com.jocata.star.RuleLibry.RuleLibraryAddandDelete@5479e3f]" name="setUp" is-config="true" duration-ms="0" started-at="2017-12-20T17:58:09Z" finished-at="2017-12-20T17:58:09Z">
          <reporter-output>
          </reporter-output>
        </test-method> <!-- setUp -->
        <test-method status="PASS" signature="deletebenchmark()[pri:29, instance:com.jocata.star.RuleLibry.RuleLibraryAddandDelete@5479e3f]" name="deletebenchmark" duration-ms="119787" started-at="2017-12-20T17:58:09Z" finished-at="2017-12-20T18:00:08Z">
          <reporter-output>
          </reporter-output>
        </test-method> <!-- deletebenchmark -->
        <test-method status="PASS" signature="getResult(org.testng.ITestResult, org.testng.ITestContext)[pri:0, instance:com.jocata.star.RuleLibry.RuleLibraryAddandDelete@5479e3f]" name="getResult" is-config="true" duration-ms="36" started-at="2017-12-20T18:00:08Z" finished-at="2017-12-20T18:00:08Z">
          <params>
            <param index="0">
              <value>
                <![CDATA[[TestResult name=deletebenchmark status=SUCCESS method=RuleLibraryAddandDelete.deletebenchmark()[pri:29, instance:com.jocata.star.RuleLibry.RuleLibraryAddandDelete@5479e3f] output={null}]]]>
              </value>
            </param>
            <param index="1">
              <value>
                <![CDATA[org.testng.TestRunner@56193c7d]]>
              </value>
            </param>
          </params>
          <reporter-output>
          </reporter-output>
        </test-method> <!-- getResult -->
      </class> <!-- com.jocata.star.RuleLibry.RuleLibraryAddandDelete -->
      <class name="com.jocata.star.Centra.CentraViewErrors">
        <test-method status="PASS" signature="setUp()[pri:0, instance:com.jocata.star.Centra.CentraViewErrors@66133adc]" name="setUp" is-config="true" duration-ms="0" started-at="2017-12-20T18:01:26Z" finished-at="2017-12-20T18:01:26Z">
          <reporter-output>
          </reporter-output>
        </test-method> <!-- setUp -->
        <test-method status="PASS" signature="clickViewErrors()[pri:31, instance:com.jocata.star.Centra.CentraViewErrors@66133adc]" name="clickViewErrors" duration-ms="71620" started-at="2017-12-20T18:01:26Z" finished-at="2017-12-20T18:02:37Z">
          <reporter-output>
          </reporter-output>
        </test-method> <!-- clickViewErrors -->
        <test-method status="PASS" signature="getResult(org.testng.ITestResult, org.testng.ITestContext)[pri:0, instance:com.jocata.star.Centra.CentraViewErrors@66133adc]" name="getResult" is-config="true" duration-ms="31" started-at="2017-12-20T18:02:37Z" finished-at="2017-12-20T18:02:37Z">
          <params>
            <param index="0">
              <value>
                <![CDATA[[TestResult name=clickViewErrors status=SUCCESS method=CentraViewErrors.clickViewErrors()[pri:31, instance:com.jocata.star.Centra.CentraViewErrors@66133adc] output={null}]]]>
              </value>
            </param>
            <param index="1">
              <value>
                <![CDATA[org.testng.TestRunner@56193c7d]]>
              </value>
            </param>
          </params>
          <reporter-output>
          </reporter-output>
        </test-method> <!-- getResult -->
      </class> <!-- com.jocata.star.Centra.CentraViewErrors -->
      <class name="com.jocata.star.Administration.SysytemConfigurationFalsePositiveLimits">
        <test-method status="PASS" signature="clicknotification()[pri:38, instance:com.jocata.star.Administration.SysytemConfigurationFalsePositiveLimits@46f5f779]" name="clicknotification" duration-ms="25314" started-at="2017-12-20T18:05:27Z" finished-at="2017-12-20T18:05:53Z">
          <reporter-output>
          </reporter-output>
        </test-method> <!-- clicknotification -->
        <test-method status="PASS" signature="setUp()[pri:0, instance:com.jocata.star.Administration.SysytemConfigurationFalsePositiveLimits@46f5f779]" name="setUp" is-config="true" duration-ms="0" started-at="2017-12-20T18:05:27Z" finished-at="2017-12-20T18:05:27Z">
          <reporter-output>
          </reporter-output>
        </test-method> <!-- setUp -->
        <test-method status="PASS" signature="getResult(org.testng.ITestResult, org.testng.ITestContext)[pri:0, instance:com.jocata.star.Administration.SysytemConfigurationFalsePositiveLimits@46f5f779]" name="getResult" is-config="true" duration-ms="27" started-at="2017-12-20T18:05:53Z" finished-at="2017-12-20T18:05:53Z">
          <params>
            <param index="0">
              <value>
                <![CDATA[[TestResult name=clicknotification status=SUCCESS method=SysytemConfigurationFalsePositiveLimits.clicknotification()[pri:38, instance:com.jocata.star.Administration.SysytemConfigurationFalsePositiveLimits@46f5f779] output={null}]]]>
              </value>
            </param>
            <param index="1">
              <value>
                <![CDATA[org.testng.TestRunner@56193c7d]]>
              </value>
            </param>
          </params>
          <reporter-output>
          </reporter-output>
        </test-method> <!-- getResult -->
      </class> <!-- com.jocata.star.Administration.SysytemConfigurationFalsePositiveLimits -->
      <class name="com.jocata.star.Taskboard.AccountTrunover">
        <test-method status="PASS" signature="setUp()[pri:0, instance:com.jocata.star.Taskboard.AccountTrunover@51016012]" name="setUp" is-config="true" duration-ms="1" started-at="2017-12-20T17:46:26Z" finished-at="2017-12-20T17:46:26Z">
          <reporter-output>
          </reporter-output>
        </test-method> <!-- setUp -->
        <test-method status="PASS" signature="clickcaseid()[pri:11, instance:com.jocata.star.Taskboard.AccountTrunover@51016012]" name="clickcaseid" duration-ms="71023" started-at="2017-12-20T17:46:26Z" finished-at="2017-12-20T17:47:37Z">
          <reporter-output>
          </reporter-output>
        </test-method> <!-- clickcaseid -->
        <test-method status="PASS" signature="getResult(org.testng.ITestResult, org.testng.ITestContext)[pri:0, instance:com.jocata.star.Taskboard.AccountTrunover@51016012]" name="getResult" is-config="true" duration-ms="31" started-at="2017-12-20T17:47:37Z" finished-at="2017-12-20T17:47:37Z">
          <params>
            <param index="0">
              <value>
                <![CDATA[[TestResult name=clickcaseid status=SUCCESS method=AccountTrunover.clickcaseid()[pri:11, instance:com.jocata.star.Taskboard.AccountTrunover@51016012] output={null}]]]>
              </value>
            </param>
            <param index="1">
              <value>
                <![CDATA[org.testng.TestRunner@56193c7d]]>
              </value>
            </param>
          </params>
          <reporter-output>
          </reporter-output>
        </test-method> <!-- getResult -->
      </class> <!-- com.jocata.star.Taskboard.AccountTrunover -->
      <class name="com.jocata.star.dashboard.DashboardWorkFlowDrillDown">
        <test-method status="PASS" signature="setUp()[pri:0, instance:com.jocata.star.dashboard.DashboardWorkFlowDrillDown@574caa3f]" name="setUp" is-config="true" duration-ms="0" started-at="2017-12-20T17:38:58Z" finished-at="2017-12-20T17:38:58Z">
          <reporter-output>
          </reporter-output>
        </test-method> <!-- setUp -->
        <test-method status="PASS" signature="test()[pri:2, instance:com.jocata.star.dashboard.DashboardWorkFlowDrillDown@574caa3f]" name="test" duration-ms="27384" started-at="2017-12-20T17:38:58Z" finished-at="2017-12-20T17:39:26Z">
          <reporter-output>
          </reporter-output>
        </test-method> <!-- test -->
        <test-method status="PASS" signature="getResult(org.testng.ITestResult, org.testng.ITestContext)[pri:0, instance:com.jocata.star.dashboard.DashboardWorkFlowDrillDown@574caa3f]" name="getResult" is-config="true" duration-ms="52" started-at="2017-12-20T17:39:26Z" finished-at="2017-12-20T17:39:26Z">
          <params>
            <param index="0">
              <value>
                <![CDATA[[TestResult name=test status=SUCCESS method=DashboardWorkFlowDrillDown.test()[pri:2, instance:com.jocata.star.dashboard.DashboardWorkFlowDrillDown@574caa3f] output={null}]]]>
              </value>
            </param>
            <param index="1">
              <value>
                <![CDATA[org.testng.TestRunner@56193c7d]]>
              </value>
            </param>
          </params>
          <reporter-output>
          </reporter-output>
        </test-method> <!-- getResult -->
      </class> <!-- com.jocata.star.dashboard.DashboardWorkFlowDrillDown -->
      <class name="com.jocata.star.MisReports.ReportonPastCases">
        <test-method status="PASS" signature="addReport()[pri:23, instance:com.jocata.star.MisReports.ReportonPastCases@b065c63]" name="addReport" duration-ms="66950" started-at="2017-12-20T17:54:38Z" finished-at="2017-12-20T17:55:45Z">
          <reporter-output>
          </reporter-output>
        </test-method> <!-- addReport -->
        <test-method status="PASS" signature="setUp()[pri:0, instance:com.jocata.star.MisReports.ReportonPastCases@b065c63]" name="setUp" is-config="true" duration-ms="0" started-at="2017-12-20T17:54:38Z" finished-at="2017-12-20T17:54:38Z">
          <reporter-output>
          </reporter-output>
        </test-method> <!-- setUp -->
        <test-method status="PASS" signature="getResult(org.testng.ITestResult, org.testng.ITestContext)[pri:0, instance:com.jocata.star.MisReports.ReportonPastCases@b065c63]" name="getResult" is-config="true" duration-ms="29" started-at="2017-12-20T17:55:45Z" finished-at="2017-12-20T17:55:45Z">
          <params>
            <param index="0">
              <value>
                <![CDATA[[TestResult name=addReport status=SUCCESS method=ReportonPastCases.addReport()[pri:23, instance:com.jocata.star.MisReports.ReportonPastCases@b065c63] output={null}]]]>
              </value>
            </param>
            <param index="1">
              <value>
                <![CDATA[org.testng.TestRunner@56193c7d]]>
              </value>
            </param>
          </params>
          <reporter-output>
          </reporter-output>
        </test-method> <!-- getResult -->
      </class> <!-- com.jocata.star.MisReports.ReportonPastCases -->
      <class name="com.jocata.star.RuleBulider.RuleBuliderUpdate">
        <test-method status="PASS" signature="setUp()[pri:0, instance:com.jocata.star.RuleBulider.RuleBuliderUpdate@768debd]" name="setUp" is-config="true" duration-ms="0" started-at="2017-12-20T17:55:45Z" finished-at="2017-12-20T17:55:45Z">
          <reporter-output>
          </reporter-output>
        </test-method> <!-- setUp -->
        <test-method status="PASS" signature="clickrulebuliderupdate()[pri:25, instance:com.jocata.star.RuleBulider.RuleBuliderUpdate@768debd]" name="clickrulebuliderupdate" duration-ms="89468" started-at="2017-12-20T17:55:45Z" finished-at="2017-12-20T17:57:14Z">
          <reporter-output>
          </reporter-output>
        </test-method> <!-- clickrulebuliderupdate -->
        <test-method status="PASS" signature="getResult(org.testng.ITestResult, org.testng.ITestContext)[pri:0, instance:com.jocata.star.RuleBulider.RuleBuliderUpdate@768debd]" name="getResult" is-config="true" duration-ms="26" started-at="2017-12-20T17:57:14Z" finished-at="2017-12-20T17:57:14Z">
          <params>
            <param index="0">
              <value>
                <![CDATA[[TestResult name=clickrulebuliderupdate status=SUCCESS method=RuleBuliderUpdate.clickrulebuliderupdate()[pri:25, instance:com.jocata.star.RuleBulider.RuleBuliderUpdate@768debd] output={null}]]]>
              </value>
            </param>
            <param index="1">
              <value>
                <![CDATA[org.testng.TestRunner@56193c7d]]>
              </value>
            </param>
          </params>
          <reporter-output>
          </reporter-output>
        </test-method> <!-- getResult -->
      </class> <!-- com.jocata.star.RuleBulider.RuleBuliderUpdate -->
      <class name="com.jocata.star.falsepositive.FalsePositiveAddby">
        <test-method status="PASS" signature="testprofiles()[pri:13, instance:com.jocata.star.falsepositive.FalsePositiveAddby@2280cdac]" name="testprofiles" duration-ms="16784" started-at="2017-12-20T17:49:19Z" finished-at="2017-12-20T17:49:36Z">
          <reporter-output>
          </reporter-output>
        </test-method> <!-- testprofiles -->
        <test-method status="PASS" signature="setUp()[pri:0, instance:com.jocata.star.falsepositive.FalsePositiveAddby@2280cdac]" name="setUp" is-config="true" duration-ms="0" started-at="2017-12-20T17:49:19Z" finished-at="2017-12-20T17:49:19Z">
          <reporter-output>
          </reporter-output>
        </test-method> <!-- setUp -->
        <test-method status="PASS" signature="getResult(org.testng.ITestResult, org.testng.ITestContext)[pri:0, instance:com.jocata.star.falsepositive.FalsePositiveAddby@2280cdac]" name="getResult" is-config="true" duration-ms="29" started-at="2017-12-20T17:49:36Z" finished-at="2017-12-20T17:49:36Z">
          <params>
            <param index="0">
              <value>
                <![CDATA[[TestResult name=testprofiles status=SUCCESS method=FalsePositiveAddby.testprofiles()[pri:13, instance:com.jocata.star.falsepositive.FalsePositiveAddby@2280cdac] output={null}]]]>
              </value>
            </param>
            <param index="1">
              <value>
                <![CDATA[org.testng.TestRunner@56193c7d]]>
              </value>
            </param>
          </params>
          <reporter-output>
          </reporter-output>
        </test-method> <!-- getResult -->
      </class> <!-- com.jocata.star.falsepositive.FalsePositiveAddby -->
      <class name="com.jocata.star.RuleLibry.RuleLibrarySearchwithRuleId">
        <test-method status="PASS" signature="setUp()[pri:0, instance:com.jocata.star.RuleLibry.RuleLibrarySearchwithRuleId@7d4793a8]" name="setUp" is-config="true" duration-ms="0" started-at="2017-12-20T17:57:34Z" finished-at="2017-12-20T17:57:34Z">
          <reporter-output>
          </reporter-output>
        </test-method> <!-- setUp -->
        <test-method status="PASS" signature="deletebenchmark()[pri:27, instance:com.jocata.star.RuleLibry.RuleLibrarySearchwithRuleId@7d4793a8]" name="deletebenchmark" duration-ms="10915" started-at="2017-12-20T17:57:34Z" finished-at="2017-12-20T17:57:45Z">
          <reporter-output>
          </reporter-output>
        </test-method> <!-- deletebenchmark -->
        <test-method status="PASS" signature="getResult(org.testng.ITestResult, org.testng.ITestContext)[pri:0, instance:com.jocata.star.RuleLibry.RuleLibrarySearchwithRuleId@7d4793a8]" name="getResult" is-config="true" duration-ms="31" started-at="2017-12-20T17:57:45Z" finished-at="2017-12-20T17:57:45Z">
          <params>
            <param index="0">
              <value>
                <![CDATA[[TestResult name=deletebenchmark status=SUCCESS method=RuleLibrarySearchwithRuleId.deletebenchmark()[pri:27, instance:com.jocata.star.RuleLibry.RuleLibrarySearchwithRuleId@7d4793a8] output={null}]]]>
              </value>
            </param>
            <param index="1">
              <value>
                <![CDATA[org.testng.TestRunner@56193c7d]]>
              </value>
            </param>
          </params>
          <reporter-output>
          </reporter-output>
        </test-method> <!-- getResult -->
      </class> <!-- com.jocata.star.RuleLibry.RuleLibrarySearchwithRuleId -->
      <class name="com.jocata.star.falsepositive.FalsePositiveUpdate">
        <test-method status="PASS" signature="setUp()[pri:0, instance:com.jocata.star.falsepositive.FalsePositiveUpdate@44e81672]" name="setUp" is-config="true" duration-ms="0" started-at="2017-12-20T17:50:08Z" finished-at="2017-12-20T17:50:08Z">
          <reporter-output>
          </reporter-output>
        </test-method> <!-- setUp -->
        <test-method status="PASS" signature="testprofiles()[pri:16, instance:com.jocata.star.falsepositive.FalsePositiveUpdate@44e81672]" name="testprofiles" duration-ms="24980" started-at="2017-12-20T17:50:08Z" finished-at="2017-12-20T17:50:33Z">
          <reporter-output>
          </reporter-output>
        </test-method> <!-- testprofiles -->
        <test-method status="PASS" signature="getResult(org.testng.ITestResult, org.testng.ITestContext)[pri:0, instance:com.jocata.star.falsepositive.FalsePositiveUpdate@44e81672]" name="getResult" is-config="true" duration-ms="30" started-at="2017-12-20T17:50:33Z" finished-at="2017-12-20T17:50:33Z">
          <params>
            <param index="0">
              <value>
                <![CDATA[[TestResult name=testprofiles status=SUCCESS method=FalsePositiveUpdate.testprofiles()[pri:16, instance:com.jocata.star.falsepositive.FalsePositiveUpdate@44e81672] output={null}]]]>
              </value>
            </param>
            <param index="1">
              <value>
                <![CDATA[org.testng.TestRunner@56193c7d]]>
              </value>
            </param>
          </params>
          <reporter-output>
          </reporter-output>
        </test-method> <!-- getResult -->
      </class> <!-- com.jocata.star.falsepositive.FalsePositiveUpdate -->
      <class name="com.jocata.star.Centra.CentraUpdateSTRDetails">
        <test-method status="PASS" signature="setUp()[pri:0, instance:com.jocata.star.Centra.CentraUpdateSTRDetails@7bfcd12c]" name="setUp" is-config="true" duration-ms="2" started-at="2017-12-20T18:02:37Z" finished-at="2017-12-20T18:02:37Z">
          <reporter-output>
          </reporter-output>
        </test-method> <!-- setUp -->
        <test-method status="PASS" signature="clickcentra()[pri:32, instance:com.jocata.star.Centra.CentraUpdateSTRDetails@7bfcd12c]" name="clickcentra" duration-ms="39150" started-at="2017-12-20T18:02:37Z" finished-at="2017-12-20T18:03:17Z">
          <reporter-output>
          </reporter-output>
        </test-method> <!-- clickcentra -->
        <test-method status="PASS" signature="getResult(org.testng.ITestResult, org.testng.ITestContext)[pri:0, instance:com.jocata.star.Centra.CentraUpdateSTRDetails@7bfcd12c]" name="getResult" is-config="true" duration-ms="25" started-at="2017-12-20T18:03:17Z" finished-at="2017-12-20T18:03:17Z">
          <params>
            <param index="0">
              <value>
                <![CDATA[[TestResult name=clickcentra status=SUCCESS method=CentraUpdateSTRDetails.clickcentra()[pri:32, instance:com.jocata.star.Centra.CentraUpdateSTRDetails@7bfcd12c] output={null}]]]>
              </value>
            </param>
            <param index="1">
              <value>
                <![CDATA[org.testng.TestRunner@56193c7d]]>
              </value>
            </param>
          </params>
          <reporter-output>
          </reporter-output>
        </test-method> <!-- getResult -->
      </class> <!-- com.jocata.star.Centra.CentraUpdateSTRDetails -->
      <class name="com.jocata.TranscationSetails.TrancastionDetails">
        <test-method status="PASS" signature="setUp()[pri:0, instance:com.jocata.TranscationSetails.TrancastionDetails@18e8568]" name="setUp" is-config="true" duration-ms="1" started-at="2017-12-20T18:07:05Z" finished-at="2017-12-20T18:07:05Z">
          <reporter-output>
          </reporter-output>
        </test-method> <!-- setUp -->
        <test-method status="PASS" signature="logintranscationdetails()[pri:42, instance:com.jocata.TranscationSetails.TrancastionDetails@18e8568]" name="logintranscationdetails" duration-ms="53586" started-at="2017-12-20T18:07:05Z" finished-at="2017-12-20T18:07:58Z">
          <reporter-output>
          </reporter-output>
        </test-method> <!-- logintranscationdetails -->
        <test-method status="PASS" signature="getResult(org.testng.ITestResult, org.testng.ITestContext)[pri:0, instance:com.jocata.TranscationSetails.TrancastionDetails@18e8568]" name="getResult" is-config="true" duration-ms="27" started-at="2017-12-20T18:07:58Z" finished-at="2017-12-20T18:07:58Z">
          <params>
            <param index="0">
              <value>
                <![CDATA[[TestResult name=logintranscationdetails status=SUCCESS method=TrancastionDetails.logintranscationdetails()[pri:42, instance:com.jocata.TranscationSetails.TrancastionDetails@18e8568] output={null}]]]>
              </value>
            </param>
            <param index="1">
              <value>
                <![CDATA[org.testng.TestRunner@56193c7d]]>
              </value>
            </param>
          </params>
          <reporter-output>
          </reporter-output>
        </test-method> <!-- getResult -->
      </class> <!-- com.jocata.TranscationSetails.TrancastionDetails -->
      <class name="com.jocata.star.falsepositive.FalsepositiveCustomerId">
        <test-method status="PASS" signature="setUp()[pri:0, instance:com.jocata.star.falsepositive.FalsepositiveCustomerId@1517365b]" name="setUp" is-config="true" duration-ms="0" started-at="2017-12-20T17:49:36Z" finished-at="2017-12-20T17:49:36Z">
          <reporter-output>
          </reporter-output>
        </test-method> <!-- setUp -->
        <test-method status="PASS" signature="testprofiles()[pri:14, instance:com.jocata.star.falsepositive.FalsepositiveCustomerId@1517365b]" name="testprofiles" duration-ms="15007" started-at="2017-12-20T17:49:36Z" finished-at="2017-12-20T17:49:51Z">
          <reporter-output>
          </reporter-output>
        </test-method> <!-- testprofiles -->
        <test-method status="PASS" signature="getResult(org.testng.ITestResult, org.testng.ITestContext)[pri:0, instance:com.jocata.star.falsepositive.FalsepositiveCustomerId@1517365b]" name="getResult" is-config="true" duration-ms="33" started-at="2017-12-20T17:49:51Z" finished-at="2017-12-20T17:49:51Z">
          <params>
            <param index="0">
              <value>
                <![CDATA[[TestResult name=testprofiles status=SUCCESS method=FalsepositiveCustomerId.testprofiles()[pri:14, instance:com.jocata.star.falsepositive.FalsepositiveCustomerId@1517365b] output={null}]]]>
              </value>
            </param>
            <param index="1">
              <value>
                <![CDATA[org.testng.TestRunner@56193c7d]]>
              </value>
            </param>
          </params>
          <reporter-output>
          </reporter-output>
        </test-method> <!-- getResult -->
      </class> <!-- com.jocata.star.falsepositive.FalsepositiveCustomerId -->
      <class name="com.jocata.star.RuleLibry.RuleLibrarySearchwithRuleName">
        <test-method status="PASS" signature="setUp()[pri:0, instance:com.jocata.star.RuleLibry.RuleLibrarySearchwithRuleName@490d6c15]" name="setUp" is-config="true" duration-ms="0" started-at="2017-12-20T17:57:14Z" finished-at="2017-12-20T17:57:14Z">
          <reporter-output>
          </reporter-output>
        </test-method> <!-- setUp -->
        <test-method status="PASS" signature="deletebenchmark()[pri:26, instance:com.jocata.star.RuleLibry.RuleLibrarySearchwithRuleName@490d6c15]" name="deletebenchmark" duration-ms="19836" started-at="2017-12-20T17:57:14Z" finished-at="2017-12-20T17:57:34Z">
          <reporter-output>
          </reporter-output>
        </test-method> <!-- deletebenchmark -->
        <test-method status="PASS" signature="getResult(org.testng.ITestResult, org.testng.ITestContext)[pri:0, instance:com.jocata.star.RuleLibry.RuleLibrarySearchwithRuleName@490d6c15]" name="getResult" is-config="true" duration-ms="28" started-at="2017-12-20T17:57:34Z" finished-at="2017-12-20T17:57:34Z">
          <params>
            <param index="0">
              <value>
                <![CDATA[[TestResult name=deletebenchmark status=SUCCESS method=RuleLibrarySearchwithRuleName.deletebenchmark()[pri:26, instance:com.jocata.star.RuleLibry.RuleLibrarySearchwithRuleName@490d6c15] output={null}]]]>
              </value>
            </param>
            <param index="1">
              <value>
                <![CDATA[org.testng.TestRunner@56193c7d]]>
              </value>
            </param>
          </params>
          <reporter-output>
          </reporter-output>
        </test-method> <!-- getResult -->
      </class> <!-- com.jocata.star.RuleLibry.RuleLibrarySearchwithRuleName -->
      <class name="com.jocata.star.Centra.CentraRegenerateSTR">
        <test-method status="PASS" signature="clickregeranteStr()[pri:33, instance:com.jocata.star.Centra.CentraRegenerateSTR@42f30e0a]" name="clickregeranteStr" duration-ms="23751" started-at="2017-12-20T18:03:17Z" finished-at="2017-12-20T18:03:40Z">
          <reporter-output>
          </reporter-output>
        </test-method> <!-- clickregeranteStr -->
        <test-method status="PASS" signature="setUp()[pri:0, instance:com.jocata.star.Centra.CentraRegenerateSTR@42f30e0a]" name="setUp" is-config="true" duration-ms="0" started-at="2017-12-20T18:03:17Z" finished-at="2017-12-20T18:03:17Z">
          <reporter-output>
          </reporter-output>
        </test-method> <!-- setUp -->
        <test-method status="PASS" signature="getResult(org.testng.ITestResult, org.testng.ITestContext)[pri:0, instance:com.jocata.star.Centra.CentraRegenerateSTR@42f30e0a]" name="getResult" is-config="true" duration-ms="25" started-at="2017-12-20T18:03:40Z" finished-at="2017-12-20T18:03:40Z">
          <params>
            <param index="0">
              <value>
                <![CDATA[[TestResult name=clickregeranteStr status=SUCCESS method=CentraRegenerateSTR.clickregeranteStr()[pri:33, instance:com.jocata.star.Centra.CentraRegenerateSTR@42f30e0a] output={null}]]]>
              </value>
            </param>
            <param index="1">
              <value>
                <![CDATA[org.testng.TestRunner@56193c7d]]>
              </value>
            </param>
          </params>
          <reporter-output>
          </reporter-output>
        </test-method> <!-- getResult -->
      </class> <!-- com.jocata.star.Centra.CentraRegenerateSTR -->
      <class name="com.jocata.star.Taskboard.TaskboardPastCases">
        <test-method status="PASS" signature="clickpastcases()[pri:10, instance:com.jocata.star.Taskboard.TaskboardPastCases@6fdb1f78]" name="clickpastcases" duration-ms="18934" started-at="2017-12-20T17:46:07Z" finished-at="2017-12-20T17:46:26Z">
          <reporter-output>
          </reporter-output>
        </test-method> <!-- clickpastcases -->
        <test-method status="PASS" signature="setUp()[pri:0, instance:com.jocata.star.Taskboard.TaskboardPastCases@6fdb1f78]" name="setUp" is-config="true" duration-ms="0" started-at="2017-12-20T17:46:07Z" finished-at="2017-12-20T17:46:07Z">
          <reporter-output>
          </reporter-output>
        </test-method> <!-- setUp -->
        <test-method status="PASS" signature="getResult(org.testng.ITestResult, org.testng.ITestContext)[pri:0, instance:com.jocata.star.Taskboard.TaskboardPastCases@6fdb1f78]" name="getResult" is-config="true" duration-ms="42" started-at="2017-12-20T17:46:26Z" finished-at="2017-12-20T17:46:26Z">
          <params>
            <param index="0">
              <value>
                <![CDATA[[TestResult name=clickpastcases status=SUCCESS method=TaskboardPastCases.clickpastcases()[pri:10, instance:com.jocata.star.Taskboard.TaskboardPastCases@6fdb1f78] output={null}]]]>
              </value>
            </param>
            <param index="1">
              <value>
                <![CDATA[org.testng.TestRunner@56193c7d]]>
              </value>
            </param>
          </params>
          <reporter-output>
          </reporter-output>
        </test-method> <!-- getResult -->
      </class> <!-- com.jocata.star.Taskboard.TaskboardPastCases -->
      <class name="com.jocata.MarkerChecker.MakerCheckerRejected">
        <test-method status="FAIL" signature="clickmarkApp()[pri:44, instance:com.jocata.MarkerChecker.MakerCheckerRejected@5a42bbf4]" name="clickmarkApp" duration-ms="30107" started-at="2017-12-20T18:09:05Z" finished-at="2017-12-20T18:09:35Z">
          <exception class="org.openqa.selenium.NoSuchElementException">
            <message>
              <![CDATA[Unable to locate element: {"method":"xpath","selector":"//div[@id='flip']/img"}
Command duration or timeout: 30.11 seconds
For documentation on this error, please visit: http://seleniumhq.org/exceptions/no_such_element.html
Build info: version: '2.53.1', revision: 'a36b8b1', time: '2016-06-30 17:32:46'
System info: host: 'Raghu-PC', ip: '192.168.1.89', os.name: 'Windows 7', os.arch: 'amd64', os.version: '6.1', java.version: '1.8.0_101'
Driver info: org.openqa.selenium.firefox.FirefoxDriver
Capabilities [{applicationCacheEnabled=true, rotatable=false, handlesAlerts=true, databaseEnabled=true, version=46.0, platform=WINDOWS, nativeEvents=false, acceptSslCerts=true, webStorageEnabled=true, locationContextEnabled=true, browserName=firefox, takesScreenshot=true, javascriptEnabled=true, cssSelectorsEnabled=true}]
Session ID: 52094ced-463d-4942-8d54-525f9ad9ce36
*** Element info: {Using=xpath, value=//div[@id='flip']/img}]]>
            </message>
            <full-stacktrace>
              <![CDATA[org.openqa.selenium.NoSuchElementException: Unable to locate element: {"method":"xpath","selector":"//div[@id='flip']/img"}
Command duration or timeout: 30.11 seconds
For documentation on this error, please visit: http://seleniumhq.org/exceptions/no_such_element.html
Build info: version: '2.53.1', revision: 'a36b8b1', time: '2016-06-30 17:32:46'
System info: host: 'Raghu-PC', ip: '192.168.1.89', os.name: 'Windows 7', os.arch: 'amd64', os.version: '6.1', java.version: '1.8.0_101'
Driver info: org.openqa.selenium.firefox.FirefoxDriver
Capabilities [{applicationCacheEnabled=true, rotatable=false, handlesAlerts=true, databaseEnabled=true, version=46.0, platform=WINDOWS, nativeEvents=false, acceptSslCerts=true, webStorageEnabled=true, locationContextEnabled=true, browserName=firefox, takesScreenshot=true, javascriptEnabled=true, cssSelectorsEnabled=true}]
Session ID: 52094ced-463d-4942-8d54-525f9ad9ce36
*** Element info: {Using=xpath, value=//div[@id='flip']/img}
	at sun.reflect.NativeConstructorAccessorImpl.newInstance0(Native Method)
	at sun.reflect.NativeConstructorAccessorImpl.newInstance(NativeConstructorAccessorImpl.java:62)
	at sun.reflect.DelegatingConstructorAccessorImpl.newInstance(DelegatingConstructorAccessorImpl.java:45)
	at java.lang.reflect.Constructor.newInstance(Constructor.java:423)
	at org.openqa.selenium.remote.ErrorHandler.createThrowable(ErrorHandler.java:206)
	at org.openqa.selenium.remote.ErrorHandler.throwIfResponseFailed(ErrorHandler.java:158)
	at org.openqa.selenium.remote.RemoteWebDriver.execute(RemoteWebDriver.java:678)
	at org.openqa.selenium.remote.RemoteWebDriver.findElement(RemoteWebDriver.java:363)
	at org.openqa.selenium.remote.RemoteWebDriver.findElementByXPath(RemoteWebDriver.java:500)
	at org.openqa.selenium.By$ByXPath.findElement(By.java:361)
	at org.openqa.selenium.remote.RemoteWebDriver.findElement(RemoteWebDriver.java:355)
	at com.jocata.MarkerChecker.MakerCheckerRejected.clickMakerchecker(MakerCheckerRejected.java:76)
	at com.jocata.MarkerChecker.MakerCheckerRejected.clickmarkApp(MakerCheckerRejected.java:64)
	at sun.reflect.NativeMethodAccessorImpl.invoke0(Native Method)
	at sun.reflect.NativeMethodAccessorImpl.invoke(NativeMethodAccessorImpl.java:62)
	at sun.reflect.DelegatingMethodAccessorImpl.invoke(DelegatingMethodAccessorImpl.java:43)
	at java.lang.reflect.Method.invoke(Method.java:498)
	at org.testng.internal.MethodInvocationHelper.invokeMethod(MethodInvocationHelper.java:85)
	at org.testng.internal.Invoker.invokeMethod(Invoker.java:639)
	at org.testng.internal.Invoker.invokeTestMethod(Invoker.java:816)
	at org.testng.internal.Invoker.invokeTestMethods(Invoker.java:1124)
	at org.testng.internal.TestMethodWorker.invokeTestMethods(TestMethodWorker.java:125)
	at org.testng.internal.TestMethodWorker.run(TestMethodWorker.java:108)
	at org.testng.TestRunner.privateRun(TestRunner.java:774)
	at org.testng.TestRunner.run(TestRunner.java:624)
	at org.testng.SuiteRunner.runTest(SuiteRunner.java:359)
	at org.testng.SuiteRunner.runSequentially(SuiteRunner.java:354)
	at org.testng.SuiteRunner.privateRun(SuiteRunner.java:312)
	at org.testng.SuiteRunner.run(SuiteRunner.java:261)
	at org.testng.SuiteRunnerWorker.runSuite(SuiteRunnerWorker.java:52)
	at org.testng.SuiteRunnerWorker.run(SuiteRunnerWorker.java:86)
	at org.testng.TestNG.runSuitesSequentially(TestNG.java:1215)
	at org.testng.TestNG.runSuitesLocally(TestNG.java:1140)
	at org.testng.TestNG.run(TestNG.java:1048)
	at com.jocata.star.RunStar.AllStarNewSevenone.main(AllStarNewSevenone.java:142)
Caused by: org.openqa.selenium.NoSuchElementException: Unable to locate element: {"method":"xpath","selector":"//div[@id='flip']/img"}
For documentation on this error, please visit: http://seleniumhq.org/exceptions/no_such_element.html
Build info: version: '2.53.1', revision: 'a36b8b1', time: '2016-06-30 17:32:46'
System info: host: 'Raghu-PC', ip: '192.168.1.89', os.name: 'Windows 7', os.arch: 'amd64', os.version: '6.1', java.version: '1.8.0_101'
Driver info: driver.version: unknown
	at <anonymous class>.FirefoxDriver.prototype.findElementInternal_(file:///C:/Users/Raghu/AppData/Local/Temp/anonymous1535220035085139018webdriver-profile/extensions/fxdriver@googlecode.com/components/driver-component.js:10770)
	at <anonymous class>.fxdriver.Timer.prototype.setTimeout/<.notify(file:///C:/Users/Raghu/AppData/Local/Temp/anonymous1535220035085139018webdriver-profile/extensions/fxdriver@googlecode.com/components/driver-component.js:625)
]]>
            </full-stacktrace>
          </exception> <!-- org.openqa.selenium.NoSuchElementException -->
          <reporter-output>
          </reporter-output>
        </test-method> <!-- clickmarkApp -->
        <test-method status="PASS" signature="setUp()[pri:0, instance:com.jocata.MarkerChecker.MakerCheckerRejected@5a42bbf4]" name="setUp" is-config="true" duration-ms="0" started-at="2017-12-20T18:09:05Z" finished-at="2017-12-20T18:09:05Z">
          <reporter-output>
          </reporter-output>
        </test-method> <!-- setUp -->
        <test-method status="PASS" signature="getResult(org.testng.ITestResult, org.testng.ITestContext)[pri:0, instance:com.jocata.MarkerChecker.MakerCheckerRejected@5a42bbf4]" name="getResult" is-config="true" duration-ms="335" started-at="2017-12-20T18:09:35Z" finished-at="2017-12-20T18:09:35Z">
          <params>
            <param index="0">
              <value>
                <![CDATA[[TestResult name=clickmarkApp status=FAILURE method=MakerCheckerRejected.clickmarkApp()[pri:44, instance:com.jocata.MarkerChecker.MakerCheckerRejected@5a42bbf4] output={null}]]]>
              </value>
            </param>
            <param index="1">
              <value>
                <![CDATA[org.testng.TestRunner@56193c7d]]>
              </value>
            </param>
          </params>
          <reporter-output>
          </reporter-output>
        </test-method> <!-- getResult -->
      </class> <!-- com.jocata.MarkerChecker.MakerCheckerRejected -->
      <class name="com.jocata.star.TaskboardSort.SortOnBranch">
        <test-method status="PASS" signature="clickcaseid()[pri:6, instance:com.jocata.star.TaskboardSort.SortOnBranch@5ecddf8f]" name="clickcaseid" duration-ms="66719" started-at="2017-12-20T17:41:15Z" finished-at="2017-12-20T17:42:22Z">
          <reporter-output>
          </reporter-output>
        </test-method> <!-- clickcaseid -->
        <test-method status="PASS" signature="setUp()[pri:0, instance:com.jocata.star.TaskboardSort.SortOnBranch@5ecddf8f]" name="setUp" is-config="true" duration-ms="0" started-at="2017-12-20T17:41:15Z" finished-at="2017-12-20T17:41:15Z">
          <reporter-output>
          </reporter-output>
        </test-method> <!-- setUp -->
        <test-method status="PASS" signature="getResult(org.testng.ITestResult, org.testng.ITestContext)[pri:0, instance:com.jocata.star.TaskboardSort.SortOnBranch@5ecddf8f]" name="getResult" is-config="true" duration-ms="44" started-at="2017-12-20T17:42:22Z" finished-at="2017-12-20T17:42:22Z">
          <params>
            <param index="0">
              <value>
                <![CDATA[[TestResult name=clickcaseid status=SUCCESS method=SortOnBranch.clickcaseid()[pri:6, instance:com.jocata.star.TaskboardSort.SortOnBranch@5ecddf8f] output={null}]]]>
              </value>
            </param>
            <param index="1">
              <value>
                <![CDATA[org.testng.TestRunner@56193c7d]]>
              </value>
            </param>
          </params>
          <reporter-output>
          </reporter-output>
        </test-method> <!-- getResult -->
      </class> <!-- com.jocata.star.TaskboardSort.SortOnBranch -->
      <class name="com.jocata.star.Administration.UserPermissionsReport">
        <test-method status="PASS" signature="setUp()[pri:0, instance:com.jocata.star.Administration.UserPermissionsReport@270421f5]" name="setUp" is-config="true" duration-ms="0" started-at="2017-12-20T18:09:35Z" finished-at="2017-12-20T18:09:35Z">
          <reporter-output>
          </reporter-output>
        </test-method> <!-- setUp -->
        <test-method status="PASS" signature="clickriskconfigrationedit()[pri:46, instance:com.jocata.star.Administration.UserPermissionsReport@270421f5]" name="clickriskconfigrationedit" duration-ms="145720" started-at="2017-12-20T18:09:35Z" finished-at="2017-12-20T18:12:01Z">
          <reporter-output>
          </reporter-output>
        </test-method> <!-- clickriskconfigrationedit -->
        <test-method status="PASS" signature="getResult(org.testng.ITestResult, org.testng.ITestContext)[pri:0, instance:com.jocata.star.Administration.UserPermissionsReport@270421f5]" name="getResult" is-config="true" duration-ms="159" started-at="2017-12-20T18:12:01Z" finished-at="2017-12-20T18:12:01Z">
          <params>
            <param index="0">
              <value>
                <![CDATA[[TestResult name=clickriskconfigrationedit status=SUCCESS method=UserPermissionsReport.clickriskconfigrationedit()[pri:46, instance:com.jocata.star.Administration.UserPermissionsReport@270421f5] output={null}]]]>
              </value>
            </param>
            <param index="1">
              <value>
                <![CDATA[org.testng.TestRunner@56193c7d]]>
              </value>
            </param>
          </params>
          <reporter-output>
          </reporter-output>
        </test-method> <!-- getResult -->
      </class> <!-- com.jocata.star.Administration.UserPermissionsReport -->
      <class name="com.jocata.star.Taskboard.SearchForTrancations">
        <test-method status="PASS" signature="setUp()[pri:0, instance:com.jocata.star.Taskboard.SearchForTrancations@29444d75]" name="setUp" is-config="true" duration-ms="1" started-at="2017-12-20T17:47:37Z" finished-at="2017-12-20T17:47:37Z">
          <reporter-output>
          </reporter-output>
        </test-method> <!-- setUp -->
        <test-method status="PASS" signature="clickcaseid()[pri:12, instance:com.jocata.star.Taskboard.SearchForTrancations@29444d75]" name="clickcaseid" duration-ms="101759" started-at="2017-12-20T17:47:37Z" finished-at="2017-12-20T17:49:19Z">
          <reporter-output>
          </reporter-output>
        </test-method> <!-- clickcaseid -->
        <test-method status="PASS" signature="getResult(org.testng.ITestResult, org.testng.ITestContext)[pri:0, instance:com.jocata.star.Taskboard.SearchForTrancations@29444d75]" name="getResult" is-config="true" duration-ms="25" started-at="2017-12-20T17:49:19Z" finished-at="2017-12-20T17:49:19Z">
          <params>
            <param index="0">
              <value>
                <![CDATA[[TestResult name=clickcaseid status=SUCCESS method=SearchForTrancations.clickcaseid()[pri:12, instance:com.jocata.star.Taskboard.SearchForTrancations@29444d75] output={null}]]]>
              </value>
            </param>
            <param index="1">
              <value>
                <![CDATA[org.testng.TestRunner@56193c7d]]>
              </value>
            </param>
          </params>
          <reporter-output>
          </reporter-output>
        </test-method> <!-- getResult -->
      </class> <!-- com.jocata.star.Taskboard.SearchForTrancations -->
      <class name="com.jocata.star.Administration.NotificationConfigurationUpdate2">
        <test-method status="PASS" signature="setUp()[pri:0, instance:com.jocata.star.Administration.NotificationConfigurationUpdate2@1c2c22f3]" name="setUp" is-config="true" duration-ms="1" started-at="2017-12-20T18:05:53Z" finished-at="2017-12-20T18:05:53Z">
          <reporter-output>
          </reporter-output>
        </test-method> <!-- setUp -->
        <test-method status="PASS" signature="clicknotification()[pri:41, instance:com.jocata.star.Administration.NotificationConfigurationUpdate2@1c2c22f3]" name="clicknotification" duration-ms="72169" started-at="2017-12-20T18:05:53Z" finished-at="2017-12-20T18:07:05Z">
          <reporter-output>
          </reporter-output>
        </test-method> <!-- clicknotification -->
        <test-method status="PASS" signature="getResult(org.testng.ITestResult, org.testng.ITestContext)[pri:0, instance:com.jocata.star.Administration.NotificationConfigurationUpdate2@1c2c22f3]" name="getResult" is-config="true" duration-ms="23" started-at="2017-12-20T18:07:05Z" finished-at="2017-12-20T18:07:05Z">
          <params>
            <param index="0">
              <value>
                <![CDATA[[TestResult name=clicknotification status=SUCCESS method=NotificationConfigurationUpdate2.clicknotification()[pri:41, instance:com.jocata.star.Administration.NotificationConfigurationUpdate2@1c2c22f3] output={null}]]]>
              </value>
            </param>
            <param index="1">
              <value>
                <![CDATA[org.testng.TestRunner@56193c7d]]>
              </value>
            </param>
          </params>
          <reporter-output>
          </reporter-output>
        </test-method> <!-- getResult -->
      </class> <!-- com.jocata.star.Administration.NotificationConfigurationUpdate2 -->
      <class name="com.jocata.star.Centra.CentraReSubmit">
        <test-method status="PASS" signature="clickregeranteStr()[pri:34, instance:com.jocata.star.Centra.CentraReSubmit@24273305]" name="clickregeranteStr" duration-ms="51494" started-at="2017-12-20T18:03:40Z" finished-at="2017-12-20T18:04:32Z">
          <reporter-output>
          </reporter-output>
        </test-method> <!-- clickregeranteStr -->
        <test-method status="PASS" signature="setUp()[pri:0, instance:com.jocata.star.Centra.CentraReSubmit@24273305]" name="setUp" is-config="true" duration-ms="0" started-at="2017-12-20T18:03:40Z" finished-at="2017-12-20T18:03:40Z">
          <reporter-output>
          </reporter-output>
        </test-method> <!-- setUp -->
        <test-method status="PASS" signature="getResult(org.testng.ITestResult, org.testng.ITestContext)[pri:0, instance:com.jocata.star.Centra.CentraReSubmit@24273305]" name="getResult" is-config="true" duration-ms="38" started-at="2017-12-20T18:04:32Z" finished-at="2017-12-20T18:04:32Z">
          <params>
            <param index="0">
              <value>
                <![CDATA[[TestResult name=clickregeranteStr status=SUCCESS method=CentraReSubmit.clickregeranteStr()[pri:34, instance:com.jocata.star.Centra.CentraReSubmit@24273305] output={null}]]]>
              </value>
            </param>
            <param index="1">
              <value>
                <![CDATA[org.testng.TestRunner@56193c7d]]>
              </value>
            </param>
          </params>
          <reporter-output>
          </reporter-output>
        </test-method> <!-- getResult -->
      </class> <!-- com.jocata.star.Centra.CentraReSubmit -->
      <class name="com.jocata.star.RuleSimulation.RuleSimulate3">
        <test-method status="PASS" signature="setUp()[pri:0, instance:com.jocata.star.RuleSimulation.RuleSimulate3@27082746]" name="setUp" is-config="true" duration-ms="0" started-at="2017-12-20T18:00:08Z" finished-at="2017-12-20T18:00:08Z">
          <reporter-output>
          </reporter-output>
        </test-method> <!-- setUp -->
        <test-method status="PASS" signature="clickRulesimualtes()[pri:30, instance:com.jocata.star.RuleSimulation.RuleSimulate3@27082746]" name="clickRulesimualtes" duration-ms="77357" started-at="2017-12-20T18:00:08Z" finished-at="2017-12-20T18:01:26Z">
          <reporter-output>
          </reporter-output>
        </test-method> <!-- clickRulesimualtes -->
        <test-method status="PASS" signature="getResult(org.testng.ITestResult, org.testng.ITestContext)[pri:0, instance:com.jocata.star.RuleSimulation.RuleSimulate3@27082746]" name="getResult" is-config="true" duration-ms="59" started-at="2017-12-20T18:01:26Z" finished-at="2017-12-20T18:01:26Z">
          <params>
            <param index="0">
              <value>
                <![CDATA[[TestResult name=clickRulesimualtes status=SUCCESS method=RuleSimulate3.clickRulesimualtes()[pri:30, instance:com.jocata.star.RuleSimulation.RuleSimulate3@27082746] output={null}]]]>
              </value>
            </param>
            <param index="1">
              <value>
                <![CDATA[org.testng.TestRunner@56193c7d]]>
              </value>
            </param>
          </params>
          <reporter-output>
          </reporter-output>
        </test-method> <!-- getResult -->
      </class> <!-- com.jocata.star.RuleSimulation.RuleSimulate3 -->
      <class name="com.jocata.star.TaskboardSort.SortOnCaseId">
        <test-method status="PASS" signature="clickcaseid()[pri:7, instance:com.jocata.star.TaskboardSort.SortOnCaseId@3f102e87]" name="clickcaseid" duration-ms="62605" started-at="2017-12-20T17:42:22Z" finished-at="2017-12-20T17:43:25Z">
          <reporter-output>
          </reporter-output>
        </test-method> <!-- clickcaseid -->
        <test-method status="PASS" signature="setUp()[pri:0, instance:com.jocata.star.TaskboardSort.SortOnCaseId@3f102e87]" name="setUp" is-config="true" duration-ms="0" started-at="2017-12-20T17:42:22Z" finished-at="2017-12-20T17:42:22Z">
          <reporter-output>
          </reporter-output>
        </test-method> <!-- setUp -->
        <test-method status="PASS" signature="getResult(org.testng.ITestResult, org.testng.ITestContext)[pri:0, instance:com.jocata.star.TaskboardSort.SortOnCaseId@3f102e87]" name="getResult" is-config="true" duration-ms="38" started-at="2017-12-20T17:43:25Z" finished-at="2017-12-20T17:43:25Z">
          <params>
            <param index="0">
              <value>
                <![CDATA[[TestResult name=clickcaseid status=SUCCESS method=SortOnCaseId.clickcaseid()[pri:7, instance:com.jocata.star.TaskboardSort.SortOnCaseId@3f102e87] output={null}]]]>
              </value>
            </param>
            <param index="1">
              <value>
                <![CDATA[org.testng.TestRunner@56193c7d]]>
              </value>
            </param>
          </params>
          <reporter-output>
          </reporter-output>
        </test-method> <!-- getResult -->
      </class> <!-- com.jocata.star.TaskboardSort.SortOnCaseId -->
      <class name="com.jocata.MarkerChecker.MakerCheckerApprove">
        <test-method status="PASS" signature="setUp()[pri:0, instance:com.jocata.MarkerChecker.MakerCheckerApprove@33e5ccce]" name="setUp" is-config="true" duration-ms="0" started-at="2017-12-20T18:07:58Z" finished-at="2017-12-20T18:07:58Z">
          <reporter-output>
          </reporter-output>
        </test-method> <!-- setUp -->
        <test-method status="FAIL" signature="clickmarkApp()[pri:43, instance:com.jocata.MarkerChecker.MakerCheckerApprove@33e5ccce]" name="clickmarkApp" duration-ms="65877" started-at="2017-12-20T18:07:58Z" finished-at="2017-12-20T18:09:04Z">
          <exception class="org.openqa.selenium.NoSuchElementException">
            <message>
              <![CDATA[Unable to locate element: {"method":"xpath","selector":"//span[text()='Administration']"}
Command duration or timeout: 30.04 seconds
For documentation on this error, please visit: http://seleniumhq.org/exceptions/no_such_element.html
Build info: version: '2.53.1', revision: 'a36b8b1', time: '2016-06-30 17:32:46'
System info: host: 'Raghu-PC', ip: '192.168.1.89', os.name: 'Windows 7', os.arch: 'amd64', os.version: '6.1', java.version: '1.8.0_101'
Driver info: org.openqa.selenium.firefox.FirefoxDriver
Capabilities [{applicationCacheEnabled=true, rotatable=false, handlesAlerts=true, databaseEnabled=true, version=46.0, platform=WINDOWS, nativeEvents=false, acceptSslCerts=true, webStorageEnabled=true, locationContextEnabled=true, browserName=firefox, takesScreenshot=true, javascriptEnabled=true, cssSelectorsEnabled=true}]
Session ID: 52094ced-463d-4942-8d54-525f9ad9ce36
*** Element info: {Using=xpath, value=//span[text()='Administration']}]]>
            </message>
            <full-stacktrace>
              <![CDATA[org.openqa.selenium.NoSuchElementException: Unable to locate element: {"method":"xpath","selector":"//span[text()='Administration']"}
Command duration or timeout: 30.04 seconds
For documentation on this error, please visit: http://seleniumhq.org/exceptions/no_such_element.html
Build info: version: '2.53.1', revision: 'a36b8b1', time: '2016-06-30 17:32:46'
System info: host: 'Raghu-PC', ip: '192.168.1.89', os.name: 'Windows 7', os.arch: 'amd64', os.version: '6.1', java.version: '1.8.0_101'
Driver info: org.openqa.selenium.firefox.FirefoxDriver
Capabilities [{applicationCacheEnabled=true, rotatable=false, handlesAlerts=true, databaseEnabled=true, version=46.0, platform=WINDOWS, nativeEvents=false, acceptSslCerts=true, webStorageEnabled=true, locationContextEnabled=true, browserName=firefox, takesScreenshot=true, javascriptEnabled=true, cssSelectorsEnabled=true}]
Session ID: 52094ced-463d-4942-8d54-525f9ad9ce36
*** Element info: {Using=xpath, value=//span[text()='Administration']}
	at sun.reflect.NativeConstructorAccessorImpl.newInstance0(Native Method)
	at sun.reflect.NativeConstructorAccessorImpl.newInstance(NativeConstructorAccessorImpl.java:62)
	at sun.reflect.DelegatingConstructorAccessorImpl.newInstance(DelegatingConstructorAccessorImpl.java:45)
	at java.lang.reflect.Constructor.newInstance(Constructor.java:423)
	at org.openqa.selenium.remote.ErrorHandler.createThrowable(ErrorHandler.java:206)
	at org.openqa.selenium.remote.ErrorHandler.throwIfResponseFailed(ErrorHandler.java:158)
	at org.openqa.selenium.remote.RemoteWebDriver.execute(RemoteWebDriver.java:678)
	at org.openqa.selenium.remote.RemoteWebDriver.findElement(RemoteWebDriver.java:363)
	at org.openqa.selenium.remote.RemoteWebDriver.findElementByXPath(RemoteWebDriver.java:500)
	at org.openqa.selenium.By$ByXPath.findElement(By.java:361)
	at org.openqa.selenium.remote.RemoteWebDriver.findElement(RemoteWebDriver.java:355)
	at com.jocata.MarkerChecker.MakerCheckerApprove.clickingAnalayast(MakerCheckerApprove.java:275)
	at com.jocata.MarkerChecker.MakerCheckerApprove.clickmarkApp(MakerCheckerApprove.java:66)
	at sun.reflect.NativeMethodAccessorImpl.invoke0(Native Method)
	at sun.reflect.NativeMethodAccessorImpl.invoke(NativeMethodAccessorImpl.java:62)
	at sun.reflect.DelegatingMethodAccessorImpl.invoke(DelegatingMethodAccessorImpl.java:43)
	at java.lang.reflect.Method.invoke(Method.java:498)
	at org.testng.internal.MethodInvocationHelper.invokeMethod(MethodInvocationHelper.java:85)
	at org.testng.internal.Invoker.invokeMethod(Invoker.java:639)
	at org.testng.internal.Invoker.invokeTestMethod(Invoker.java:816)
	at org.testng.internal.Invoker.invokeTestMethods(Invoker.java:1124)
	at org.testng.internal.TestMethodWorker.invokeTestMethods(TestMethodWorker.java:125)
	at org.testng.internal.TestMethodWorker.run(TestMethodWorker.java:108)
	at org.testng.TestRunner.privateRun(TestRunner.java:774)
	at org.testng.TestRunner.run(TestRunner.java:624)
	at org.testng.SuiteRunner.runTest(SuiteRunner.java:359)
	at org.testng.SuiteRunner.runSequentially(SuiteRunner.java:354)
	at org.testng.SuiteRunner.privateRun(SuiteRunner.java:312)
	at org.testng.SuiteRunner.run(SuiteRunner.java:261)
	at org.testng.SuiteRunnerWorker.runSuite(SuiteRunnerWorker.java:52)
	at org.testng.SuiteRunnerWorker.run(SuiteRunnerWorker.java:86)
	at org.testng.TestNG.runSuitesSequentially(TestNG.java:1215)
	at org.testng.TestNG.runSuitesLocally(TestNG.java:1140)
	at org.testng.TestNG.run(TestNG.java:1048)
	at com.jocata.star.RunStar.AllStarNewSevenone.main(AllStarNewSevenone.java:142)
Caused by: org.openqa.selenium.NoSuchElementException: Unable to locate element: {"method":"xpath","selector":"//span[text()='Administration']"}
For documentation on this error, please visit: http://seleniumhq.org/exceptions/no_such_element.html
Build info: version: '2.53.1', revision: 'a36b8b1', time: '2016-06-30 17:32:46'
System info: host: 'Raghu-PC', ip: '192.168.1.89', os.name: 'Windows 7', os.arch: 'amd64', os.version: '6.1', java.version: '1.8.0_101'
Driver info: driver.version: unknown
	at <anonymous class>.FirefoxDriver.prototype.findElementInternal_(file:///C:/Users/Raghu/AppData/Local/Temp/anonymous1535220035085139018webdriver-profile/extensions/fxdriver@googlecode.com/components/driver-component.js:10770)
	at <anonymous class>.fxdriver.Timer.prototype.setTimeout/<.notify(file:///C:/Users/Raghu/AppData/Local/Temp/anonymous1535220035085139018webdriver-profile/extensions/fxdriver@googlecode.com/components/driver-component.js:625)
]]>
            </full-stacktrace>
          </exception> <!-- org.openqa.selenium.NoSuchElementException -->
          <reporter-output>
          </reporter-output>
        </test-method> <!-- clickmarkApp -->
        <test-method status="PASS" signature="getResult(org.testng.ITestResult, org.testng.ITestContext)[pri:0, instance:com.jocata.MarkerChecker.MakerCheckerApprove@33e5ccce]" name="getResult" is-config="true" duration-ms="264" started-at="2017-12-20T18:09:04Z" finished-at="2017-12-20T18:09:05Z">
          <params>
            <param index="0">
              <value>
                <![CDATA[[TestResult name=clickmarkApp status=FAILURE method=MakerCheckerApprove.clickmarkApp()[pri:43, instance:com.jocata.MarkerChecker.MakerCheckerApprove@33e5ccce] output={null}]]]>
              </value>
            </param>
            <param index="1">
              <value>
                <![CDATA[org.testng.TestRunner@56193c7d]]>
              </value>
            </param>
          </params>
          <reporter-output>
          </reporter-output>
        </test-method> <!-- getResult -->
      </class> <!-- com.jocata.MarkerChecker.MakerCheckerApprove -->
      <class name="com.jocata.star.Administration.AuditLogModuleName">
        <test-method status="PASS" signature="clickonAuditlogmodulename()[pri:37, instance:com.jocata.star.Administration.AuditLogModuleName@5b1d2887]" name="clickonAuditlogmodulename" duration-ms="55268" started-at="2017-12-20T18:04:32Z" finished-at="2017-12-20T18:05:27Z">
          <reporter-output>
          </reporter-output>
        </test-method> <!-- clickonAuditlogmodulename -->
        <test-method status="PASS" signature="setUp()[pri:0, instance:com.jocata.star.Administration.AuditLogModuleName@5b1d2887]" name="setUp" is-config="true" duration-ms="0" started-at="2017-12-20T18:04:32Z" finished-at="2017-12-20T18:04:32Z">
          <reporter-output>
          </reporter-output>
        </test-method> <!-- setUp -->
        <test-method status="PASS" signature="getResult(org.testng.ITestResult, org.testng.ITestContext)[pri:0, instance:com.jocata.star.Administration.AuditLogModuleName@5b1d2887]" name="getResult" is-config="true" duration-ms="68" started-at="2017-12-20T18:05:27Z" finished-at="2017-12-20T18:05:27Z">
          <params>
            <param index="0">
              <value>
                <![CDATA[[TestResult name=clickonAuditlogmodulename status=SUCCESS method=AuditLogModuleName.clickonAuditlogmodulename()[pri:37, instance:com.jocata.star.Administration.AuditLogModuleName@5b1d2887] output={null}]]]>
              </value>
            </param>
            <param index="1">
              <value>
                <![CDATA[org.testng.TestRunner@56193c7d]]>
              </value>
            </param>
          </params>
          <reporter-output>
          </reporter-output>
        </test-method> <!-- getResult -->
      </class> <!-- com.jocata.star.Administration.AuditLogModuleName -->
      <class name="com.jocata.star.MisReports.AccountRiskReport">
        <test-method status="PASS" signature="setUp()[pri:0, instance:com.jocata.star.MisReports.AccountRiskReport@65e579dc]" name="setUp" is-config="true" duration-ms="1" started-at="2017-12-20T17:52:16Z" finished-at="2017-12-20T17:52:16Z">
          <reporter-output>
          </reporter-output>
        </test-method> <!-- setUp -->
        <test-method status="PASS" signature="addReport()[pri:20, instance:com.jocata.star.MisReports.AccountRiskReport@65e579dc]" name="addReport" duration-ms="74706" started-at="2017-12-20T17:52:16Z" finished-at="2017-12-20T17:53:31Z">
          <reporter-output>
          </reporter-output>
        </test-method> <!-- addReport -->
        <test-method status="PASS" signature="getResult(org.testng.ITestResult, org.testng.ITestContext)[pri:0, instance:com.jocata.star.MisReports.AccountRiskReport@65e579dc]" name="getResult" is-config="true" duration-ms="64" started-at="2017-12-20T17:53:31Z" finished-at="2017-12-20T17:53:31Z">
          <params>
            <param index="0">
              <value>
                <![CDATA[[TestResult name=addReport status=SUCCESS method=AccountRiskReport.addReport()[pri:20, instance:com.jocata.star.MisReports.AccountRiskReport@65e579dc] output={null}]]]>
              </value>
            </param>
            <param index="1">
              <value>
                <![CDATA[org.testng.TestRunner@56193c7d]]>
              </value>
            </param>
          </params>
          <reporter-output>
          </reporter-output>
        </test-method> <!-- getResult -->
      </class> <!-- com.jocata.star.MisReports.AccountRiskReport -->
      <class name="com.jocata.star.TaskboardSort.SortOnLastActivivtyDate">
        <test-method status="PASS" signature="setUp()[pri:0, instance:com.jocata.star.TaskboardSort.SortOnLastActivivtyDate@27abe2cd]" name="setUp" is-config="true" duration-ms="0" started-at="2017-12-20T17:43:25Z" finished-at="2017-12-20T17:43:25Z">
          <reporter-output>
          </reporter-output>
        </test-method> <!-- setUp -->
        <test-method status="PASS" signature="clickonSortonLastupdate()[pri:8, instance:com.jocata.star.TaskboardSort.SortOnLastActivivtyDate@27abe2cd]" name="clickonSortonLastupdate" duration-ms="82805" started-at="2017-12-20T17:43:25Z" finished-at="2017-12-20T17:44:48Z">
          <reporter-output>
          </reporter-output>
        </test-method> <!-- clickonSortonLastupdate -->
        <test-method status="PASS" signature="getResult(org.testng.ITestResult, org.testng.ITestContext)[pri:0, instance:com.jocata.star.TaskboardSort.SortOnLastActivivtyDate@27abe2cd]" name="getResult" is-config="true" duration-ms="29" started-at="2017-12-20T17:44:48Z" finished-at="2017-12-20T17:44:48Z">
          <params>
            <param index="0">
              <value>
                <![CDATA[[TestResult name=clickonSortonLastupdate status=SUCCESS method=SortOnLastActivivtyDate.clickonSortonLastupdate()[pri:8, instance:com.jocata.star.TaskboardSort.SortOnLastActivivtyDate@27abe2cd] output={null}]]]>
              </value>
            </param>
            <param index="1">
              <value>
                <![CDATA[org.testng.TestRunner@56193c7d]]>
              </value>
            </param>
          </params>
          <reporter-output>
          </reporter-output>
        </test-method> <!-- getResult -->
      </class> <!-- com.jocata.star.TaskboardSort.SortOnLastActivivtyDate -->
      <class name="com.jocata.star.TaskboardSort.SortOnLastUpdateddate">
        <test-method status="PASS" signature="setUp()[pri:0, instance:com.jocata.star.TaskboardSort.SortOnLastUpdateddate@5f5a92bb]" name="setUp" is-config="true" duration-ms="0" started-at="2017-12-20T17:44:48Z" finished-at="2017-12-20T17:44:48Z">
          <reporter-output>
          </reporter-output>
        </test-method> <!-- setUp -->
        <test-method status="PASS" signature="clickonSortonLastupdate()[pri:9, instance:com.jocata.star.TaskboardSort.SortOnLastUpdateddate@5f5a92bb]" name="clickonSortonLastupdate" duration-ms="79630" started-at="2017-12-20T17:44:48Z" finished-at="2017-12-20T17:46:07Z">
          <reporter-output>
          </reporter-output>
        </test-method> <!-- clickonSortonLastupdate -->
        <test-method status="PASS" signature="getResult(org.testng.ITestResult, org.testng.ITestContext)[pri:0, instance:com.jocata.star.TaskboardSort.SortOnLastUpdateddate@5f5a92bb]" name="getResult" is-config="true" duration-ms="31" started-at="2017-12-20T17:46:07Z" finished-at="2017-12-20T17:46:07Z">
          <params>
            <param index="0">
              <value>
                <![CDATA[[TestResult name=clickonSortonLastupdate status=SUCCESS method=SortOnLastUpdateddate.clickonSortonLastupdate()[pri:9, instance:com.jocata.star.TaskboardSort.SortOnLastUpdateddate@5f5a92bb] output={null}]]]>
              </value>
            </param>
            <param index="1">
              <value>
                <![CDATA[org.testng.TestRunner@56193c7d]]>
              </value>
            </param>
          </params>
          <reporter-output>
          </reporter-output>
        </test-method> <!-- getResult -->
      </class> <!-- com.jocata.star.TaskboardSort.SortOnLastUpdateddate -->
      <class name="com.jocata.star.AddManualEvent.AddManualEventCustomerid">
        <test-method status="PASS" signature="clickmanualevent()[pri:18, instance:com.jocata.star.AddManualEvent.AddManualEventCustomerid@4ca8195f]" name="clickmanualevent" duration-ms="45236" started-at="2017-12-20T17:51:31Z" finished-at="2017-12-20T17:52:16Z">
          <reporter-output>
          </reporter-output>
        </test-method> <!-- clickmanualevent -->
        <test-method status="PASS" signature="setUp()[pri:0, instance:com.jocata.star.AddManualEvent.AddManualEventCustomerid@4ca8195f]" name="setUp" is-config="true" duration-ms="0" started-at="2017-12-20T17:51:31Z" finished-at="2017-12-20T17:51:31Z">
          <reporter-output>
          </reporter-output>
        </test-method> <!-- setUp -->
        <test-method status="PASS" signature="getResult(org.testng.ITestResult, org.testng.ITestContext)[pri:0, instance:com.jocata.star.AddManualEvent.AddManualEventCustomerid@4ca8195f]" name="getResult" is-config="true" duration-ms="26" started-at="2017-12-20T17:52:16Z" finished-at="2017-12-20T17:52:16Z">
          <params>
            <param index="0">
              <value>
                <![CDATA[[TestResult name=clickmanualevent status=SUCCESS method=AddManualEventCustomerid.clickmanualevent()[pri:18, instance:com.jocata.star.AddManualEvent.AddManualEventCustomerid@4ca8195f] output={null}]]]>
              </value>
            </param>
            <param index="1">
              <value>
                <![CDATA[org.testng.TestRunner@56193c7d]]>
              </value>
            </param>
          </params>
          <reporter-output>
          </reporter-output>
        </test-method> <!-- getResult -->
      </class> <!-- com.jocata.star.AddManualEvent.AddManualEventCustomerid -->
      <class name="com.jocata.star.falsepositive.FalsePositiveRuleId">
        <test-method status="PASS" signature="setUp()[pri:0, instance:com.jocata.star.falsepositive.FalsePositiveRuleId@4fccd51b]" name="setUp" is-config="true" duration-ms="0" started-at="2017-12-20T17:49:51Z" finished-at="2017-12-20T17:49:51Z">
          <reporter-output>
          </reporter-output>
        </test-method> <!-- setUp -->
        <test-method status="PASS" signature="testprofiles()[pri:15, instance:com.jocata.star.falsepositive.FalsePositiveRuleId@4fccd51b]" name="testprofiles" duration-ms="16789" started-at="2017-12-20T17:49:51Z" finished-at="2017-12-20T17:50:08Z">
          <reporter-output>
          </reporter-output>
        </test-method> <!-- testprofiles -->
        <test-method status="PASS" signature="getResult(org.testng.ITestResult, org.testng.ITestContext)[pri:0, instance:com.jocata.star.falsepositive.FalsePositiveRuleId@4fccd51b]" name="getResult" is-config="true" duration-ms="71" started-at="2017-12-20T17:50:08Z" finished-at="2017-12-20T17:50:08Z">
          <params>
            <param index="0">
              <value>
                <![CDATA[[TestResult name=testprofiles status=SUCCESS method=FalsePositiveRuleId.testprofiles()[pri:15, instance:com.jocata.star.falsepositive.FalsePositiveRuleId@4fccd51b] output={null}]]]>
              </value>
            </param>
            <param index="1">
              <value>
                <![CDATA[org.testng.TestRunner@56193c7d]]>
              </value>
            </param>
          </params>
          <reporter-output>
          </reporter-output>
        </test-method> <!-- getResult -->
      </class> <!-- com.jocata.star.falsepositive.FalsePositiveRuleId -->
      <class name="com.jocata.star.AddManualEvent.AddManualEventAccountNum">
        <test-method status="PASS" signature="setUp()[pri:0, instance:com.jocata.star.AddManualEvent.AddManualEventAccountNum@60215eee]" name="setUp" is-config="true" duration-ms="1" started-at="2017-12-20T17:50:33Z" finished-at="2017-12-20T17:50:33Z">
          <reporter-output>
          </reporter-output>
        </test-method> <!-- setUp -->
        <test-method status="PASS" signature="clickmanualEventAccountNum()[pri:17, instance:com.jocata.star.AddManualEvent.AddManualEventAccountNum@60215eee]" name="clickmanualEventAccountNum" duration-ms="57846" started-at="2017-12-20T17:50:33Z" finished-at="2017-12-20T17:51:31Z">
          <reporter-output>
          </reporter-output>
        </test-method> <!-- clickmanualEventAccountNum -->
        <test-method status="PASS" signature="getResult(org.testng.ITestResult, org.testng.ITestContext)[pri:0, instance:com.jocata.star.AddManualEvent.AddManualEventAccountNum@60215eee]" name="getResult" is-config="true" duration-ms="25" started-at="2017-12-20T17:51:31Z" finished-at="2017-12-20T17:51:31Z">
          <params>
            <param index="0">
              <value>
                <![CDATA[[TestResult name=clickmanualEventAccountNum status=SUCCESS method=AddManualEventAccountNum.clickmanualEventAccountNum()[pri:17, instance:com.jocata.star.AddManualEvent.AddManualEventAccountNum@60215eee] output={null}]]]>
              </value>
            </param>
            <param index="1">
              <value>
                <![CDATA[org.testng.TestRunner@56193c7d]]>
              </value>
            </param>
          </params>
          <reporter-output>
          </reporter-output>
        </test-method> <!-- getResult -->
      </class> <!-- com.jocata.star.AddManualEvent.AddManualEventAccountNum -->
    </test> <!-- Command line test -->
  </suite> <!-- Command line suite -->
</testng-results>
